16:32:39.997 [main] DEBUG _.s.w.s.HandlerMapping.Mappings - 
	n.c.c.ProductController:
	{POST [/api/v1/productservice/add]}: saveProduct(Product)
	{DELETE [/api/v1/productservice/delete-product/{productCode}]}: deleteProduct(int)
	{POST [/api/v1/productservice/update-product]}: updateMovie(Product)
	{GET [/api/v1/productservice/get-by-id/{productCode}]}: getByID(int)
	{GET [/api/v1/productservice/products]}: getAllProducts()
16:32:40.008 [main] DEBUG o.s.w.s.m.m.a.RequestMappingHandlerMapping - 5 mappings in org.springframework.web.servlet.mvc.method.annotation.RequestMappingHandlerMapping
16:32:40.227 [main] DEBUG o.s.w.s.m.m.a.RequestMappingHandlerAdapter - ControllerAdvice beans: 0 @ModelAttribute, 0 @InitBinder, 1 RequestBodyAdvice, 1 ResponseBodyAdvice
16:32:40.262 [main] DEBUG o.s.w.s.m.m.a.ExceptionHandlerExceptionResolver - ControllerAdvice beans: 0 @ExceptionHandler, 1 ResponseBodyAdvice
16:32:40.286 [main] INFO  o.s.mock.web.MockServletContext - Initializing Spring TestDispatcherServlet ''
16:32:40.286 [main] INFO  o.s.t.w.s.TestDispatcherServlet - Initializing Servlet ''
16:32:40.288 [main] DEBUG o.s.t.w.s.TestDispatcherServlet - Detected AcceptHeaderLocaleResolver
16:32:40.288 [main] DEBUG o.s.t.w.s.TestDispatcherServlet - Detected FixedThemeResolver
16:32:40.289 [main] DEBUG o.s.t.w.s.TestDispatcherServlet - Detected org.springframework.web.servlet.view.DefaultRequestToViewNameTranslator@a565cbd
16:32:40.289 [main] DEBUG o.s.t.w.s.TestDispatcherServlet - Detected org.springframework.web.servlet.support.SessionFlashMapManager@6fc29daa
16:32:40.289 [main] DEBUG o.s.t.w.s.TestDispatcherServlet - enableLoggingRequestDetails='false': request parameters and headers will be masked to prevent unsafe logging of potentially sensitive data
16:32:40.290 [main] INFO  o.s.t.w.s.TestDispatcherServlet - Completed initialization in 4 ms
16:32:40.335 [main] DEBUG o.s.t.w.s.TestDispatcherServlet - GET "/api/v1/productservice/get-by-id/110", parameters={}
16:32:40.338 [main] DEBUG o.s.w.s.m.m.a.RequestMappingHandlerMapping - Mapped to niit.com.controller.ProductController#getByID(int)
16:32:40.406 [main] DEBUG o.s.w.s.m.m.a.RequestResponseBodyMethodProcessor - Using 'application/json', given [*/*] and supported [application/json, application/*+json]
16:32:40.406 [main] DEBUG o.s.w.s.m.m.a.RequestResponseBodyMethodProcessor - Writing [niit.com.model.Product@3a26ec8d]
16:32:40.422 [main] DEBUG o.s.t.w.s.TestDispatcherServlet - Completed 200 OK
16:32:40.468 [main] DEBUG _.s.w.s.HandlerMapping.Mappings - 
	n.c.c.ProductController:
	{POST [/api/v1/productservice/add]}: saveProduct(Product)
	{DELETE [/api/v1/productservice/delete-product/{productCode}]}: deleteProduct(int)
	{POST [/api/v1/productservice/update-product]}: updateMovie(Product)
	{GET [/api/v1/productservice/get-by-id/{productCode}]}: getByID(int)
	{GET [/api/v1/productservice/products]}: getAllProducts()
16:32:40.469 [main] DEBUG o.s.w.s.m.m.a.RequestMappingHandlerMapping - 5 mappings in org.springframework.web.servlet.mvc.method.annotation.RequestMappingHandlerMapping
16:32:40.473 [main] DEBUG o.s.w.s.m.m.a.RequestMappingHandlerAdapter - ControllerAdvice beans: 0 @ModelAttribute, 0 @InitBinder, 1 RequestBodyAdvice, 1 ResponseBodyAdvice
16:32:40.474 [main] DEBUG o.s.w.s.m.m.a.ExceptionHandlerExceptionResolver - ControllerAdvice beans: 0 @ExceptionHandler, 1 ResponseBodyAdvice
16:32:40.475 [main] INFO  o.s.mock.web.MockServletContext - Initializing Spring TestDispatcherServlet ''
16:32:40.475 [main] INFO  o.s.t.w.s.TestDispatcherServlet - Initializing Servlet ''
16:32:40.475 [main] DEBUG o.s.t.w.s.TestDispatcherServlet - Detected AcceptHeaderLocaleResolver
16:32:40.475 [main] DEBUG o.s.t.w.s.TestDispatcherServlet - Detected FixedThemeResolver
16:32:40.475 [main] DEBUG o.s.t.w.s.TestDispatcherServlet - Detected org.springframework.web.servlet.view.DefaultRequestToViewNameTranslator@4993febc
16:32:40.475 [main] DEBUG o.s.t.w.s.TestDispatcherServlet - Detected org.springframework.web.servlet.support.SessionFlashMapManager@7601bc96
16:32:40.475 [main] DEBUG o.s.t.w.s.TestDispatcherServlet - enableLoggingRequestDetails='false': request parameters and headers will be masked to prevent unsafe logging of potentially sensitive data
16:32:40.476 [main] INFO  o.s.t.w.s.TestDispatcherServlet - Completed initialization in 1 ms
16:32:40.476 [main] DEBUG o.s.t.w.s.TestDispatcherServlet - DELETE "/api/v1/productservice/delete-by-id/110", parameters={}
16:32:40.477 [main] WARN  o.s.web.servlet.PageNotFound - No mapping for DELETE /api/v1/productservice/delete-by-id/110
16:32:40.477 [main] DEBUG o.s.t.w.s.TestDispatcherServlet - Completed 404 NOT_FOUND
16:32:40.489 [main] DEBUG _.s.w.s.HandlerMapping.Mappings - 
	n.c.c.ProductController:
	{POST [/api/v1/productservice/add]}: saveProduct(Product)
	{DELETE [/api/v1/productservice/delete-product/{productCode}]}: deleteProduct(int)
	{POST [/api/v1/productservice/update-product]}: updateMovie(Product)
	{GET [/api/v1/productservice/get-by-id/{productCode}]}: getByID(int)
	{GET [/api/v1/productservice/products]}: getAllProducts()
16:32:40.490 [main] DEBUG o.s.w.s.m.m.a.RequestMappingHandlerMapping - 5 mappings in org.springframework.web.servlet.mvc.method.annotation.RequestMappingHandlerMapping
16:32:40.495 [main] DEBUG o.s.w.s.m.m.a.RequestMappingHandlerAdapter - ControllerAdvice beans: 0 @ModelAttribute, 0 @InitBinder, 1 RequestBodyAdvice, 1 ResponseBodyAdvice
16:32:40.498 [main] DEBUG o.s.w.s.m.m.a.ExceptionHandlerExceptionResolver - ControllerAdvice beans: 0 @ExceptionHandler, 1 ResponseBodyAdvice
16:32:40.498 [main] INFO  o.s.mock.web.MockServletContext - Initializing Spring TestDispatcherServlet ''
16:32:40.498 [main] INFO  o.s.t.w.s.TestDispatcherServlet - Initializing Servlet ''
16:32:40.498 [main] DEBUG o.s.t.w.s.TestDispatcherServlet - Detected AcceptHeaderLocaleResolver
16:32:40.498 [main] DEBUG o.s.t.w.s.TestDispatcherServlet - Detected FixedThemeResolver
16:32:40.499 [main] DEBUG o.s.t.w.s.TestDispatcherServlet - Detected org.springframework.web.servlet.view.DefaultRequestToViewNameTranslator@18578491
16:32:40.499 [main] DEBUG o.s.t.w.s.TestDispatcherServlet - Detected org.springframework.web.servlet.support.SessionFlashMapManager@3291b443
16:32:40.499 [main] DEBUG o.s.t.w.s.TestDispatcherServlet - enableLoggingRequestDetails='false': request parameters and headers will be masked to prevent unsafe logging of potentially sensitive data
16:32:40.499 [main] INFO  o.s.t.w.s.TestDispatcherServlet - Completed initialization in 1 ms
16:32:40.499 [main] DEBUG o.s.t.w.s.TestDispatcherServlet - GET "/api/v1/productservice/products", parameters={}
16:32:40.500 [main] DEBUG o.s.w.s.m.m.a.RequestMappingHandlerMapping - Mapped to niit.com.controller.ProductController#getAllProducts()
16:32:40.506 [main] DEBUG o.s.w.s.m.m.a.HttpEntityMethodProcessor - Using 'application/json', given [*/*] and supported [application/json, application/*+json]
16:32:40.507 [main] DEBUG o.s.w.s.m.m.a.HttpEntityMethodProcessor - Writing [[]]
16:32:40.507 [main] DEBUG o.s.t.w.s.TestDispatcherServlet - Completed 200 OK
16:32:40.522 [main] DEBUG _.s.w.s.HandlerMapping.Mappings - 
	n.c.c.ProductController:
	{POST [/api/v1/productservice/add]}: saveProduct(Product)
	{DELETE [/api/v1/productservice/delete-product/{productCode}]}: deleteProduct(int)
	{POST [/api/v1/productservice/update-product]}: updateMovie(Product)
	{GET [/api/v1/productservice/get-by-id/{productCode}]}: getByID(int)
	{GET [/api/v1/productservice/products]}: getAllProducts()
16:32:40.523 [main] DEBUG o.s.w.s.m.m.a.RequestMappingHandlerMapping - 5 mappings in org.springframework.web.servlet.mvc.method.annotation.RequestMappingHandlerMapping
16:32:40.530 [main] DEBUG o.s.w.s.m.m.a.RequestMappingHandlerAdapter - ControllerAdvice beans: 0 @ModelAttribute, 0 @InitBinder, 1 RequestBodyAdvice, 1 ResponseBodyAdvice
16:32:40.533 [main] DEBUG o.s.w.s.m.m.a.ExceptionHandlerExceptionResolver - ControllerAdvice beans: 0 @ExceptionHandler, 1 ResponseBodyAdvice
16:32:40.534 [main] INFO  o.s.mock.web.MockServletContext - Initializing Spring TestDispatcherServlet ''
16:32:40.534 [main] INFO  o.s.t.w.s.TestDispatcherServlet - Initializing Servlet ''
16:32:40.534 [main] DEBUG o.s.t.w.s.TestDispatcherServlet - Detected AcceptHeaderLocaleResolver
16:32:40.534 [main] DEBUG o.s.t.w.s.TestDispatcherServlet - Detected FixedThemeResolver
16:32:40.535 [main] DEBUG o.s.t.w.s.TestDispatcherServlet - Detected org.springframework.web.servlet.view.DefaultRequestToViewNameTranslator@2da66a44
16:32:40.535 [main] DEBUG o.s.t.w.s.TestDispatcherServlet - Detected org.springframework.web.servlet.support.SessionFlashMapManager@527fc8e
16:32:40.535 [main] DEBUG o.s.t.w.s.TestDispatcherServlet - enableLoggingRequestDetails='false': request parameters and headers will be masked to prevent unsafe logging of potentially sensitive data
16:32:40.535 [main] INFO  o.s.t.w.s.TestDispatcherServlet - Completed initialization in 1 ms
16:32:40.541 [main] DEBUG o.s.t.w.s.TestDispatcherServlet - POST "/api/v1/productservice/add", parameters={}
16:32:40.541 [main] DEBUG o.s.w.s.m.m.a.RequestMappingHandlerMapping - Mapped to niit.com.controller.ProductController#saveProduct(Product)
16:32:40.576 [main] DEBUG o.s.w.s.m.m.a.RequestResponseBodyMethodProcessor - Read "application/json" to [niit.com.model.Product@600f5704]
16:32:40.588 [main] DEBUG o.s.w.s.m.m.a.HttpEntityMethodProcessor - Using 'application/json', given [*/*] and supported [application/json, application/*+json]
16:32:40.589 [main] DEBUG o.s.w.s.m.m.a.HttpEntityMethodProcessor - Writing [niit.com.model.Product@600f5704]
16:32:40.590 [main] DEBUG o.s.t.w.s.TestDispatcherServlet - Completed 201 CREATED
